<?xml version="1.0" encoding="utf-8"?><testsuites><testsuite name="pytest" errors="0" failures="0" skipped="0" tests="3" time="103.591" timestamp="2022-06-30T20:36:14.998806" hostname="LAPTOP-LVU7V5R6"><testcase classname="test_sel_auto_zen_class.TestZenPortal" name="test_login_zen" time="18.058" /><testcase classname="test_sel_auto_zen_class.TestZenPortal" name="test_excel" time="15.508" /><testcase classname="test_sel_auto_zen_class.TestZenPortal" name="test_new_query" time="62.932" /></testsuite></testsuites>
